  Kolam.cpp
C:\Users\sharm\Desktop\Koulam_Git\reading\Kolam.cpp(194,11): warning C4244: '=': conversion from 'float' to 'int', possible loss of data
C:\Users\sharm\Desktop\Koulam_Git\reading\Kolam.cpp(357,19): warning C4244: '=': conversion from 'double' to 'int', possible loss of data
C:\Users\sharm\Desktop\Koulam_Git\reading\Kolam.cpp(442,24): warning C4838: conversion from 'float' to 'int' requires a narrowing conversion
C:\Users\sharm\Desktop\Koulam_Git\reading\Kolam.cpp(442,24): warning C4244: 'initializing': conversion from 'float' to 'int', possible loss of data
C:\Users\sharm\Desktop\Koulam_Git\reading\Kolam.cpp(445,16): warning C4244: 'initializing': conversion from 'int' to 'float', possible loss of data
C:\Users\sharm\Desktop\Koulam_Git\reading\Kolam.cpp(447,13): warning C4244: '=': conversion from 'float' to 'int', possible loss of data
C:\Users\sharm\Desktop\Koulam_Git\reading\Kolam.cpp(447,31): warning C4244: '=': conversion from 'float' to 'int', possible loss of data
C:\Users\sharm\Desktop\Koulam_Git\reading\Kolam.cpp(450,16): warning C4244: 'initializing': conversion from 'int' to 'float', possible loss of data
C:\Users\sharm\Desktop\Koulam_Git\reading\Kolam.cpp(452,13): warning C4244: '=': conversion from 'float' to 'int', possible loss of data
C:\Users\sharm\Desktop\Koulam_Git\reading\Kolam.cpp(452,31): warning C4244: '=': conversion from 'float' to 'int', possible loss of data
C:\Users\sharm\Desktop\Koulam_Git\reading\Kolam.cpp(457,14): warning C4244: 'initializing': conversion from 'double' to 'int', possible loss of data
C:\Users\sharm\Desktop\Koulam_Git\reading\Kolam.cpp(458,74): warning C4244: 'argument': conversion from 'double' to 'int', possible loss of data
C:\Users\sharm\Desktop\Koulam_Git\reading\Kolam.cpp(466,30): warning C4244: 'argument': conversion from 'float' to 'int', possible loss of data
C:\Users\sharm\Desktop\Koulam_Git\reading\Kolam.cpp(476,26): warning C4838: conversion from 'float' to 'int' requires a narrowing conversion
C:\Users\sharm\Desktop\Koulam_Git\reading\Kolam.cpp(476,26): warning C4244: 'initializing': conversion from 'float' to 'int', possible loss of data
C:\Users\sharm\Desktop\Koulam_Git\reading\Kolam.cpp(480,16): warning C4244: 'initializing': conversion from 'int' to 'float', possible loss of data
C:\Users\sharm\Desktop\Koulam_Git\reading\Kolam.cpp(482,12): warning C4244: '=': conversion from 'float' to 'int', possible loss of data
C:\Users\sharm\Desktop\Koulam_Git\reading\Kolam.cpp(482,25): warning C4244: '=': conversion from 'float' to 'int', possible loss of data
C:\Users\sharm\Desktop\Koulam_Git\reading\Kolam.cpp(485,16): warning C4244: 'initializing': conversion from 'int' to 'float', possible loss of data
C:\Users\sharm\Desktop\Koulam_Git\reading\Kolam.cpp(487,12): warning C4244: '=': conversion from 'float' to 'int', possible loss of data
C:\Users\sharm\Desktop\Koulam_Git\reading\Kolam.cpp(487,25): warning C4244: '=': conversion from 'float' to 'int', possible loss of data
C:\Users\sharm\Desktop\Koulam_Git\reading\Kolam.cpp(492,14): warning C4244: 'initializing': conversion from 'double' to 'int', possible loss of data
C:\Users\sharm\Desktop\Koulam_Git\reading\Kolam.cpp(493,73): warning C4244: 'argument': conversion from 'double' to 'int', possible loss of data
C:\Users\sharm\Desktop\Koulam_Git\reading\Kolam.cpp(493,42): warning C4244: 'argument': conversion from 'float' to 'int', possible loss of data
C:\Users\sharm\Desktop\Koulam_Git\reading\Kolam.cpp(581,38): warning C4244: 'argument': conversion from 'float' to 'int', possible loss of data
C:\Users\sharm\Desktop\Koulam_Git\reading\Kolam.cpp(751,1): warning C4715: 'SDL_main': not all control paths return a value
  reading.vcxproj -> C:\Users\sharm\Desktop\Koulam_Git\x64\Debug\reading.exe
